<?xml version="1.0" encoding="UTF-8"?>
<!-- Generated by org.testng.reporters.JUnitReportReporter -->
<testsuite hostname="DESKTOP-QJD6ROR" failures="0" tests="3" name="TestCases.TestNG" time="0.019" errors="0" timestamp="2022-09-06T11:24:19 IST" skipped="0">
  <testcase classname="TestCases.TestNG" name="testA" time="0.003"/>
  <system-out/>
  <testcase classname="TestCases.TestNG" name="testB" time="0.009"/>
  <system-out/>
  <testcase classname="TestCases.TestNG" name="testC" time="0.007"/>
  <system-out/>
</testsuite> <!-- TestCases.TestNG -->
